<?xml version="1.0" encoding="UTF-8"?>
<!-- Generated by org.testng.reporters.JUnitReportReporter -->
<testsuite hostname="DESKTOP-ISE7IFI" failures="0" tests="1" name="com.mytest.test.LoginTest" time="0.016" errors="0" timestamp="2023-11-01T18:16:14 IST" skipped="0">
  <testcase classname="com.mytest.test.LoginTest" name="comapare" time="0.016"/>
</testsuite> <!-- com.mytest.test.LoginTest -->
