<?xml version="1.0" encoding="UTF-8"?>
<!-- Generated by org.testng.reporters.JUnitReportReporter -->
<testsuite hostname="DESKTOP-ISE7IFI" failures="0" tests="1" name="com.mytest.wait.Setwaitdemo" time="22.717" errors="0" timestamp="2023-11-04T14:30:10 IST" skipped="0">
  <testcase classname="com.mytest.wait.Setwaitdemo" name="implictWaitTest" time="22.717"/>
</testsuite> <!-- com.mytest.wait.Setwaitdemo -->
