<?xml version="1.0" encoding="UTF-8"?>
<!-- Generated by org.testng.reporters.JUnitReportReporter -->
<testsuite hostname="DESKTOP-ISE7IFI" failures="0" tests="1" name="com.mytest.wait.Assingment_implecitwait" time="45.869" errors="0" timestamp="2023-11-03T06:48:32 IST" skipped="0">
  <testcase classname="com.mytest.wait.Assingment_implecitwait" name="implictWaitTest" time="45.869"/>
</testsuite> <!-- com.mytest.wait.Assingment_implecitwait -->
