<?xml version="1.0" encoding="UTF-8"?>
<!-- Generated by org.testng.reporters.JUnitReportReporter -->
<testsuite hostname="DESKTOP-ISE7IFI" failures="0" tests="1" name="com.mytest.wait.Assingment_implecitwait" time="55.046" errors="0" timestamp="2023-11-02T14:08:19 IST" skipped="0">
  <testcase classname="com.mytest.wait.Assingment_implecitwait" name="implictWaitTest" time="55.046"/>
</testsuite> <!-- com.mytest.wait.Assingment_implecitwait -->
