<?xml version="1.0" encoding="UTF-8"?>
<!-- Generated by org.testng.reporters.JUnitReportReporter -->
<testsuite hostname="DESKTOP-ISE7IFI" failures="0" tests="1" name="com.mytest.wait.Assignment_Explicitwait" time="44.149" errors="0" timestamp="2023-11-02T14:15:24 IST" skipped="0">
  <testcase classname="com.mytest.wait.Assignment_Explicitwait" name="explicitwaitdemo" time="44.149"/>
</testsuite> <!-- com.mytest.wait.Assignment_Explicitwait -->
