<?xml version="1.0" encoding="UTF-8"?>
<!-- Generated by org.testng.reporters.JUnitReportReporter -->
<testsuite hostname="DESKTOP-ISE7IFI" failures="0" tests="1" name="com.anvsystem.excelutils.Excelereader" time="1.138" errors="0" timestamp="2023-11-03T08:54:57 IST" skipped="0">
  <testcase classname="com.anvsystem.excelutils.Excelereader" name="testreader" time="1.138"/>
</testsuite> <!-- com.anvsystem.excelutils.Excelereader -->
