<?xml version="1.0" encoding="UTF-8"?>
<!-- Generated by org.testng.reporters.JUnitReportReporter -->
<testsuite hostname="DESKTOP-ISE7IFI" failures="0" tests="2" name="com.mytest.executionflow.PaymentflowTest" time="96.380" errors="0" timestamp="2023-11-05T16:40:54 IST" skipped="0">
  <testcase classname="com.mytest.executionflow.PaymentflowTest" name="checkoutTest" time="38.465"/>
  <testcase classname="com.mytest.executionflow.PaymentflowTest" name="addIteamToCartTest" time="57.915"/>
</testsuite> <!-- com.mytest.executionflow.PaymentflowTest -->
