<?xml version="1.0" encoding="UTF-8"?>
<!-- Generated by org.testng.reporters.JUnitReportReporter -->
<testsuite hostname="DESKTOP-ISE7IFI" failures="0" tests="1" name="com.mytest.wait.Explicitdemo" time="48.951" errors="0" timestamp="2023-11-02T13:45:09 IST" skipped="0">
  <testcase classname="com.mytest.wait.Explicitdemo" name="explicitwaitdemo" time="48.951"/>
</testsuite> <!-- com.mytest.wait.Explicitdemo -->
